2024-06-03 00:07:11,907 INFO: Admin logged in: admin@nucleusteq.com [in C:\Users\HP\OneDrive\Desktop\flask python\auth\routes.py:86]
2024-06-03 00:07:11,921 INFO: Admin dashboard accessed by: admin [in C:\Users\HP\OneDrive\Desktop\flask python\auth\routes.py:154]
2024-06-03 00:07:23,024 INFO: All items accessed [in C:\Users\HP\OneDrive\Desktop\flask python\auth\routes.py:303]
2024-06-03 00:07:40,079 INFO: All users accessed by admin [in C:\Users\HP\OneDrive\Desktop\flask python\auth\routes.py:191]
2024-06-03 00:07:57,756 INFO: User logged out [in C:\Users\HP\OneDrive\Desktop\flask python\auth\routes.py:458]
2024-06-03 00:08:17,043 INFO: Employee logged in: kiran@nucleusteq.com [in C:\Users\HP\OneDrive\Desktop\flask python\auth\routes.py:90]
2024-06-03 00:08:17,053 INFO: Employee dashboard accessed by user: kiran [in C:\Users\HP\OneDrive\Desktop\flask python\auth\routes.py:100]
2024-06-03 00:08:22,950 INFO: Assigned items accessed by user: kiran@nucleusteq.com [in C:\Users\HP\OneDrive\Desktop\flask python\auth\routes.py:116]
2024-06-03 00:08:28,376 INFO: Profile accessed by user: kiran@nucleusteq.com [in C:\Users\HP\OneDrive\Desktop\flask python\auth\routes.py:138]
2024-06-03 00:08:31,543 INFO: User logged out [in C:\Users\HP\OneDrive\Desktop\flask python\auth\routes.py:458]
2024-06-03 14:55:57,809 INFO: Admin logged in: admin@nucleusteq.com [in C:\Users\HP\OneDrive\Desktop\flask python\auth\routes.py:86]
2024-06-03 14:55:57,838 INFO: Admin dashboard accessed by: admin [in C:\Users\HP\OneDrive\Desktop\flask python\auth\routes.py:154]
2024-06-03 14:56:11,577 INFO: Admin dashboard accessed by: admin [in C:\Users\HP\OneDrive\Desktop\flask python\auth\routes.py:154]
2024-06-03 14:56:11,619 INFO: All items accessed [in C:\Users\HP\OneDrive\Desktop\flask python\auth\routes.py:303]
2024-06-03 14:56:36,674 INFO: Item updated successfully: laptop [in C:\Users\HP\OneDrive\Desktop\flask python\auth\routes.py:440]
2024-06-03 14:56:36,690 INFO: All items accessed [in C:\Users\HP\OneDrive\Desktop\flask python\auth\routes.py:303]
2024-06-03 14:57:43,636 WARNING: Add user failed: Invalid email test@example.com [in C:\Users\HP\OneDrive\Desktop\flask python\auth\routes.py:220]
2024-06-03 14:57:43,638 WARNING: Unauthorized access attempt to add user [in C:\Users\HP\OneDrive\Desktop\flask python\auth\routes.py:272]
2024-06-03 14:57:44,612 WARNING: Unauthorized access attempt to add user [in C:\Users\HP\OneDrive\Desktop\flask python\auth\routes.py:272]
2024-06-03 14:57:44,612 WARNING: Unauthorized access attempt to add user [in C:\Users\HP\OneDrive\Desktop\flask python\auth\routes.py:272]
2024-06-03 14:57:45,519 INFO: Admin dashboard accessed by: Admin [in C:\Users\HP\OneDrive\Desktop\flask python\auth\routes.py:154]
2024-06-03 14:57:45,519 INFO: Admin dashboard accessed by: Admin [in C:\Users\HP\OneDrive\Desktop\flask python\auth\routes.py:154]
2024-06-03 14:57:45,519 INFO: Admin dashboard accessed by: Admin [in C:\Users\HP\OneDrive\Desktop\flask python\auth\routes.py:154]
2024-06-03 14:57:46,477 WARNING: Unauthorized access attempt to admin dashboard [in C:\Users\HP\OneDrive\Desktop\flask python\auth\routes.py:157]
2024-06-03 14:57:46,477 WARNING: Unauthorized access attempt to admin dashboard [in C:\Users\HP\OneDrive\Desktop\flask python\auth\routes.py:157]
2024-06-03 14:57:46,477 WARNING: Unauthorized access attempt to admin dashboard [in C:\Users\HP\OneDrive\Desktop\flask python\auth\routes.py:157]
2024-06-03 14:57:46,477 WARNING: Unauthorized access attempt to admin dashboard [in C:\Users\HP\OneDrive\Desktop\flask python\auth\routes.py:157]
2024-06-03 14:57:47,370 WARNING: Unauthorized access attempt to admin dashboard [in C:\Users\HP\OneDrive\Desktop\flask python\auth\routes.py:157]
2024-06-03 14:57:47,370 WARNING: Unauthorized access attempt to admin dashboard [in C:\Users\HP\OneDrive\Desktop\flask python\auth\routes.py:157]
2024-06-03 14:57:47,370 WARNING: Unauthorized access attempt to admin dashboard [in C:\Users\HP\OneDrive\Desktop\flask python\auth\routes.py:157]
2024-06-03 14:57:47,370 WARNING: Unauthorized access attempt to admin dashboard [in C:\Users\HP\OneDrive\Desktop\flask python\auth\routes.py:157]
2024-06-03 14:57:47,370 WARNING: Unauthorized access attempt to admin dashboard [in C:\Users\HP\OneDrive\Desktop\flask python\auth\routes.py:157]
2024-06-03 14:57:48,244 INFO: Admin profile accessed by: admin@nucleusteq.com [in C:\Users\HP\OneDrive\Desktop\flask python\auth\routes.py:177]
2024-06-03 14:57:48,244 INFO: Admin profile accessed by: admin@nucleusteq.com [in C:\Users\HP\OneDrive\Desktop\flask python\auth\routes.py:177]
2024-06-03 14:57:48,244 INFO: Admin profile accessed by: admin@nucleusteq.com [in C:\Users\HP\OneDrive\Desktop\flask python\auth\routes.py:177]
2024-06-03 14:57:48,244 INFO: Admin profile accessed by: admin@nucleusteq.com [in C:\Users\HP\OneDrive\Desktop\flask python\auth\routes.py:177]
2024-06-03 14:57:48,244 INFO: Admin profile accessed by: admin@nucleusteq.com [in C:\Users\HP\OneDrive\Desktop\flask python\auth\routes.py:177]
2024-06-03 14:57:48,244 INFO: Admin profile accessed by: admin@nucleusteq.com [in C:\Users\HP\OneDrive\Desktop\flask python\auth\routes.py:177]
2024-06-03 14:57:49,115 WARNING: Admin user not found: <built-in function id> [in C:\Users\HP\OneDrive\Desktop\flask python\auth\routes.py:181]
2024-06-03 14:57:49,115 WARNING: Admin user not found: <built-in function id> [in C:\Users\HP\OneDrive\Desktop\flask python\auth\routes.py:181]
2024-06-03 14:57:49,115 WARNING: Admin user not found: <built-in function id> [in C:\Users\HP\OneDrive\Desktop\flask python\auth\routes.py:181]
2024-06-03 14:57:49,115 WARNING: Admin user not found: <built-in function id> [in C:\Users\HP\OneDrive\Desktop\flask python\auth\routes.py:181]
2024-06-03 14:57:49,115 WARNING: Admin user not found: <built-in function id> [in C:\Users\HP\OneDrive\Desktop\flask python\auth\routes.py:181]
2024-06-03 14:57:49,115 WARNING: Admin user not found: <built-in function id> [in C:\Users\HP\OneDrive\Desktop\flask python\auth\routes.py:181]
2024-06-03 14:57:49,115 WARNING: Admin user not found: <built-in function id> [in C:\Users\HP\OneDrive\Desktop\flask python\auth\routes.py:181]
2024-06-03 14:57:49,954 WARNING: Admin user not found: <built-in function id> [in C:\Users\HP\OneDrive\Desktop\flask python\auth\routes.py:181]
2024-06-03 14:57:49,954 WARNING: Admin user not found: <built-in function id> [in C:\Users\HP\OneDrive\Desktop\flask python\auth\routes.py:181]
2024-06-03 14:57:49,954 WARNING: Admin user not found: <built-in function id> [in C:\Users\HP\OneDrive\Desktop\flask python\auth\routes.py:181]
2024-06-03 14:57:49,954 WARNING: Admin user not found: <built-in function id> [in C:\Users\HP\OneDrive\Desktop\flask python\auth\routes.py:181]
2024-06-03 14:57:49,954 WARNING: Admin user not found: <built-in function id> [in C:\Users\HP\OneDrive\Desktop\flask python\auth\routes.py:181]
2024-06-03 14:57:49,954 WARNING: Admin user not found: <built-in function id> [in C:\Users\HP\OneDrive\Desktop\flask python\auth\routes.py:181]
2024-06-03 14:57:49,954 WARNING: Admin user not found: <built-in function id> [in C:\Users\HP\OneDrive\Desktop\flask python\auth\routes.py:181]
2024-06-03 14:57:49,954 WARNING: Admin user not found: <built-in function id> [in C:\Users\HP\OneDrive\Desktop\flask python\auth\routes.py:181]
2024-06-03 14:57:50,821 INFO: All users accessed by admin [in C:\Users\HP\OneDrive\Desktop\flask python\auth\routes.py:191]
2024-06-03 14:57:50,821 INFO: All users accessed by admin [in C:\Users\HP\OneDrive\Desktop\flask python\auth\routes.py:191]
2024-06-03 14:57:50,821 INFO: All users accessed by admin [in C:\Users\HP\OneDrive\Desktop\flask python\auth\routes.py:191]
2024-06-03 14:57:50,821 INFO: All users accessed by admin [in C:\Users\HP\OneDrive\Desktop\flask python\auth\routes.py:191]
2024-06-03 14:57:50,821 INFO: All users accessed by admin [in C:\Users\HP\OneDrive\Desktop\flask python\auth\routes.py:191]
2024-06-03 14:57:50,821 INFO: All users accessed by admin [in C:\Users\HP\OneDrive\Desktop\flask python\auth\routes.py:191]
2024-06-03 14:57:50,821 INFO: All users accessed by admin [in C:\Users\HP\OneDrive\Desktop\flask python\auth\routes.py:191]
2024-06-03 14:57:50,821 INFO: All users accessed by admin [in C:\Users\HP\OneDrive\Desktop\flask python\auth\routes.py:191]
2024-06-03 14:57:50,821 INFO: All users accessed by admin [in C:\Users\HP\OneDrive\Desktop\flask python\auth\routes.py:191]
2024-06-03 14:57:51,677 WARNING: Unauthorized access attempt to all users [in C:\Users\HP\OneDrive\Desktop\flask python\auth\routes.py:194]
2024-06-03 14:57:51,677 WARNING: Unauthorized access attempt to all users [in C:\Users\HP\OneDrive\Desktop\flask python\auth\routes.py:194]
2024-06-03 14:57:51,677 WARNING: Unauthorized access attempt to all users [in C:\Users\HP\OneDrive\Desktop\flask python\auth\routes.py:194]
2024-06-03 14:57:51,677 WARNING: Unauthorized access attempt to all users [in C:\Users\HP\OneDrive\Desktop\flask python\auth\routes.py:194]
2024-06-03 14:57:51,677 WARNING: Unauthorized access attempt to all users [in C:\Users\HP\OneDrive\Desktop\flask python\auth\routes.py:194]
2024-06-03 14:57:51,677 WARNING: Unauthorized access attempt to all users [in C:\Users\HP\OneDrive\Desktop\flask python\auth\routes.py:194]
2024-06-03 14:57:51,677 WARNING: Unauthorized access attempt to all users [in C:\Users\HP\OneDrive\Desktop\flask python\auth\routes.py:194]
2024-06-03 14:57:51,677 WARNING: Unauthorized access attempt to all users [in C:\Users\HP\OneDrive\Desktop\flask python\auth\routes.py:194]
2024-06-03 14:57:51,677 WARNING: Unauthorized access attempt to all users [in C:\Users\HP\OneDrive\Desktop\flask python\auth\routes.py:194]
2024-06-03 14:57:51,677 WARNING: Unauthorized access attempt to all users [in C:\Users\HP\OneDrive\Desktop\flask python\auth\routes.py:194]
